2026-02-14 01:28:05 - MarzbanBot - INFO - Logging to bot.log with rotation
2026-02-14 01:28:06 - MarzbanBot - INFO - Database initialized
2026-02-14 01:28:06 - MarzbanBot - INFO - Bot started
2026-02-14 01:28:06 - MarzbanBot - INFO - Admin IDs loaded: [124094154] (type: <class 'list'>)
2026-02-14 01:28:06 - MarzbanBot - INFO - Telegram Stars enabled: True
2026-02-14 01:28:28 - MarzbanBot - INFO - User created: 124094154
2026-02-14 01:34:54 - MarzbanBot - INFO - Marzban token obtained
2026-02-14 01:34:54 - MarzbanBot - INFO - Marzban user created: user_124094154_1771011293
2026-02-14 01:42:08 - MarzbanBot - INFO - Logging to bot.log with rotation
2026-02-14 01:42:52 - MarzbanBot - INFO - Logging to bot.log with rotation
2026-02-14 01:42:52 - MarzbanBot - INFO - Database initialized
2026-02-14 01:42:53 - MarzbanBot - INFO - Marzban token obtained
2026-02-14 01:42:54 - MarzbanBot - INFO - User created: us_689390214
2026-02-14 01:42:54 - MarzbanBot - INFO - Создан пользователь из Marzban: us_689390214
2026-02-14 01:42:54 - MarzbanBot - INFO - User created: morkin
2026-02-14 01:42:54 - MarzbanBot - INFO - Создан пользователь из Marzban: morkin
2026-02-14 01:42:54 - MarzbanBot - INFO - User created: admin
2026-02-14 01:42:54 - MarzbanBot - INFO - Создан пользователь из Marzban: admin
2026-02-14 01:42:54 - MarzbanBot - INFO - User created: user_5356241242
2026-02-14 01:42:54 - MarzbanBot - INFO - Создан пользователь из Marzban: user_5356241242
2026-02-14 01:42:54 - MarzbanBot - INFO - User created: aniks-vpn
2026-02-14 01:42:54 - MarzbanBot - INFO - Создан пользователь из Marzban: aniks-vpn
2026-02-14 01:42:54 - MarzbanBot - INFO - User created: test
2026-02-14 01:42:54 - MarzbanBot - INFO - Создан пользователь из Marzban: test
2026-02-14 01:42:54 - MarzbanBot - INFO - User created: EvgSV
2026-02-14 01:42:54 - MarzbanBot - INFO - Создан пользователь из Marzban: EvgSV
2026-02-14 01:42:54 - MarzbanBot - INFO - User created: User_20
2026-02-14 01:42:54 - MarzbanBot - INFO - Создан пользователь из Marzban: User_20
2026-02-14 01:42:54 - MarzbanBot - INFO - User created: s_peryakov
2026-02-14 01:42:54 - MarzbanBot - INFO - Создан пользователь из Marzban: s_peryakov
2026-02-14 01:42:54 - MarzbanBot - INFO - User created: user_21
2026-02-14 01:42:54 - MarzbanBot - INFO - Создан пользователь из Marzban: user_21
2026-02-14 01:42:54 - MarzbanBot - INFO - User created: polina
2026-02-14 01:42:54 - MarzbanBot - INFO - Создан пользователь из Marzban: polina
2026-02-14 01:42:54 - MarzbanBot - INFO - User created: igor
2026-02-14 01:42:54 - MarzbanBot - INFO - Создан пользователь из Marzban: igor
2026-02-14 01:42:54 - MarzbanBot - INFO - User created: user_124094154_1771008944
2026-02-14 01:42:54 - MarzbanBot - INFO - Создан пользователь из Marzban: user_124094154_1771008944
2026-02-14 01:42:54 - MarzbanBot - INFO - User created: user_124094154_1771011293
2026-02-14 01:42:54 - MarzbanBot - INFO - Создан пользователь из Marzban: user_124094154_1771011293
2026-02-14 01:42:54 - MarzbanBot - INFO - Синхронизация завершена. Создано 14 пользователей
2026-02-14 01:42:54 - MarzbanBot - INFO - Синхронизировано 14 пользователей из Marzban
2026-02-14 01:42:54 - MarzbanBot - INFO - Bot started
2026-02-14 01:42:54 - MarzbanBot - INFO - Admin IDs loaded: [124094154] (type: <class 'list'>)
2026-02-14 01:42:54 - MarzbanBot - INFO - Telegram Stars enabled: True
2026-02-14 01:43:04 - MarzbanBot - INFO - User created: 124094154
2026-02-14 01:52:01 - MarzbanBot - INFO - Logging to bot.log with rotation
